[2026-01-13 08:10:41] [modloading-worker-0/INFO] [CustomSkinLoader Core]: CustomSkinLoader 14.26.1
[2026-01-13 08:10:41] [modloading-worker-0/INFO] [CustomSkinLoader Core]: DataDir: C:\Users\RivaM\AppData\Roaming\.minecraft\modpacks\d41f9390-79f3-310d-a6df-2cb9ace582dd\CustomSkinLoader
[2026-01-13 08:10:41] [modloading-worker-0/INFO] [CustomSkinLoader Core]: Operating System: Windows 11 (amd64) version 10.0
[2026-01-13 08:10:41] [modloading-worker-0/INFO] [CustomSkinLoader Core]: Java Version: 17.0.15, Microsoft
[2026-01-13 08:10:41] [modloading-worker-0/INFO] [CustomSkinLoader Core]: Java VM Version: OpenJDK 64-Bit Server VM (mixed mode), Microsoft
[2026-01-13 08:10:41] [modloading-worker-0/INFO] [CustomSkinLoader Core]: Minecraft: 1.20.1
[2026-01-13 08:10:41] [modloading-worker-0/INFO] [CustomSkinLoader Core]: Config File: C:\Users\RivaM\AppData\Roaming\.minecraft\modpacks\d41f9390-79f3-310d-a6df-2cb9ace582dd\CustomSkinLoader\CustomSkinLoader.json
[2026-01-13 08:10:41] [modloading-worker-0/INFO] [CustomSkinLoader Core]: Try to load config.
[2026-01-13 08:10:41] [modloading-worker-0/INFO] [CustomSkinLoader Core]: Successfully load config.
[2026-01-13 08:10:42] [modloading-worker-0/INFO] [CustomSkinLoader Core]: Add a profile loader: GameProfile
[2026-01-13 08:10:42] [modloading-worker-0/INFO] [CustomSkinLoader Core]: Add a profile loader: MojangAPI
[2026-01-13 08:10:42] [modloading-worker-0/INFO] [CustomSkinLoader Core]: Add a profile loader: Legacy
[2026-01-13 08:10:42] [modloading-worker-0/INFO] [CustomSkinLoader Core]: Add a profile loader: CustomSkinAPI
[2026-01-13 08:10:42] [modloading-worker-0/INFO] [CustomSkinLoader Core]: Add a profile loader: CustomSKinAPIPlus
[2026-01-13 08:10:42] [modloading-worker-0/INFO] [CustomSkinLoader Core]: Add a profile loader: UniSkinAPI
[2026-01-13 08:10:42] [modloading-worker-0/INFO] [CustomSkinLoader Core]: Add a profile loader: ElyByAPI
[2026-01-13 08:10:42] [modloading-worker-0/INFO] [CustomSkinLoader Core]: Add a profile loader: GlitchlessAPI
[2026-01-13 08:10:42] [modloading-worker-0/INFO] [CustomSkinLoader Core]: Add a profile loader: MinecraftCapesAPI
[2026-01-13 08:10:42] [modloading-worker-0/INFO] [CustomSkinLoader Core]: Add a profile loader: WynntilsAPI
[2026-01-13 08:10:42] [modloading-worker-0/INFO] [CustomSkinLoader Core]: Successfully update config.
[2026-01-13 08:10:42] [modloading-worker-0/INFO] [CustomSkinLoader Core]: version : 14.26.1
[2026-01-13 08:10:42] [modloading-worker-0/INFO] [CustomSkinLoader Core]: buildNumber : 36
[2026-01-13 08:10:42] [modloading-worker-0/INFO] [CustomSkinLoader Core]: loadlist : [{ "name": "GameProfile", "type": "GameProfile" }, { "name": "Mojang", "type": "MojangAPI", "apiRoot": "https://api.mojang.com/", "sessionRoot": "https://sessionserver.mojang.com/" }, { "name": "LittleSkin", "type": "CustomSkinAPI", "root": "https://littleskin.cn/csl/" }, { "name": "BlessingSkin", "type": "CustomSkinAPI", "root": "https://skin.prinzeugen.net/" }, { "name": "ElyBy", "type": "ElyByAPI", "root": "http://skinsystem.ely.by/textures/" }, { "name": "SkinMe", "type": "UniSkinAPI", "root": "http://www.skinme.cc/uniskin/" }, { "name": "TLauncher", "type": "ElyByAPI", "root": "https://auth.tlauncher.org/skin/profile/texture/login/" }, { "name": "GlitchlessGames", "type": "GlitchlessAPI", "root": "https://games.glitchless.ru/api/minecraft/users/profiles/textures/?nickname=" }, { "name": "LocalSkin", "type": "Legacy", "checkPNG": "false", "skin": "LocalSkin/skins/{USERNAME}.png", "model": "auto", "cape": "LocalSkin/capes/{USERNAME}.png", "elytra": "LocalSkin/elytras/{USERNAME}.png" }, { "name": "MinecraftCapes", "type": "MinecraftCapesAPI", "root": "https://api.minecraftcapes.net/profile/" }, { "name": "OptiFine", "type": "Legacy", "checkPNG": "false", "model": "auto", "cape": "https://optifine.net/capes/{USERNAME}.png" }, { "name": "Wynntils", "type": "WynntilsAPI", "root": "https://athena.wynntils.com/user/getInfo" }, { "name": "CloakPlus", "type": "Legacy", "checkPNG": "false", "model": "auto", "cape": "http://161.35.130.99/capes/{USERNAME}.png" }, { "name": "Cosmetica", "type": "Legacy", "checkPNG": "false", "model": "auto", "cape": "https://api.cosmetica.cc/get/cloak?username={USERNAME}&uuid={STANDARD_UUID}&nothirdparty" }]
[2026-01-13 08:10:42] [modloading-worker-0/INFO] [CustomSkinLoader Core]: enableDynamicSkull : true
[2026-01-13 08:10:42] [modloading-worker-0/INFO] [CustomSkinLoader Core]: enableTransparentSkin : true
[2026-01-13 08:10:42] [modloading-worker-0/INFO] [CustomSkinLoader Core]: forceLoadAllTextures : true
[2026-01-13 08:10:42] [modloading-worker-0/INFO] [CustomSkinLoader Core]: enableCape : true
[2026-01-13 08:10:42] [modloading-worker-0/INFO] [CustomSkinLoader Core]: threadPoolSize : 8
[2026-01-13 08:10:42] [modloading-worker-0/INFO] [CustomSkinLoader Core]: enableLogStdOut : false
[2026-01-13 08:10:42] [modloading-worker-0/INFO] [CustomSkinLoader Core]: cacheExpiry : 30
[2026-01-13 08:10:42] [modloading-worker-0/INFO] [CustomSkinLoader Core]: forceUpdateSkull : false
[2026-01-13 08:10:42] [modloading-worker-0/INFO] [CustomSkinLoader Core]: enableLocalProfileCache : false
[2026-01-13 08:10:42] [modloading-worker-0/INFO] [CustomSkinLoader Core]: enableCacheAutoClean : false
[2026-01-13 08:10:42] [modloading-worker-0/INFO] [CustomSkinLoader Core]: forceDisableCache : false
[2026-01-13 08:10:42] [Sr_Riva/INFO] [CustomSkinLoader Core]: Loading Sr_Riva's profile.
[2026-01-13 08:10:42] [Sr_Riva/INFO] [CustomSkinLoader Core]: 1/14 Try to load profile from 'GameProfile'.
[2026-01-13 08:10:42] [Sr_Riva/INFO] [CustomSkinLoader Core]: 2/14 Try to load profile from 'Mojang'.
[2026-01-13 08:10:42] [Sr_Riva/DEBUG] [CustomSkinLoader Core]: Try to request 'https://api.mojang.com/profiles/minecraft'.
[2026-01-13 08:10:42] [Sr_Riva/INFO] [CustomSkinLoader Core]: Payload: ["Sr_Riva"]
[2026-01-13 08:10:43] [Sr_Riva/DEBUG] [CustomSkinLoader Core]: Successfully request (Response Code: 200 , Content Length: 3)
[2026-01-13 08:10:43] [Sr_Riva/DEBUG] [CustomSkinLoader Core]: Content: [ ]
[2026-01-13 08:10:43] [Sr_Riva/INFO] [CustomSkinLoader Core]: Profile not found.(Sr_Riva's profile not found.)
[2026-01-13 08:10:43] [Sr_Riva/INFO] [CustomSkinLoader Core]: 3/14 Try to load profile from 'LittleSkin'.
[2026-01-13 08:10:43] [Sr_Riva/DEBUG] [CustomSkinLoader Core]: Try to request 'https://littleskin.cn/csl/Sr_Riva.json'.
[2026-01-13 08:10:44] [Sr_Riva/DEBUG] [CustomSkinLoader Core]: Successfully request (Response Code: 200 , Content Length: -1)
[2026-01-13 08:10:44] [Sr_Riva/DEBUG] [CustomSkinLoader Core]: Saved to cache (Length: 2 , Path: 'C:\Users\RivaM\AppData\Roaming\.minecraft\modpacks\d41f9390-79f3-310d-a6df-2cb9ace582dd\CustomSkinLoader\caches\5ec63ca00137aaa14e919fef4d985cbee982e33e' , Expire: 1768309934)
[2026-01-13 08:10:44] [Sr_Riva/DEBUG] [CustomSkinLoader Core]: Content: {}
[2026-01-13 08:10:44] [Sr_Riva/INFO] [CustomSkinLoader Core]: Both skin and cape not found.
[2026-01-13 08:10:44] [Sr_Riva/INFO] [CustomSkinLoader Core]: 4/14 Try to load profile from 'BlessingSkin'.
[2026-01-13 08:10:44] [Sr_Riva/DEBUG] [CustomSkinLoader Core]: Try to request 'https://skin.prinzeugen.net/Sr_Riva.json'.
[2026-01-13 08:10:45] [Sr_Riva/DEBUG] [CustomSkinLoader Core]: Failed to request (Response Code: 404)
[2026-01-13 08:10:45] [Sr_Riva/INFO] [CustomSkinLoader Core]: Profile not found.
[2026-01-13 08:10:45] [Sr_Riva/INFO] [CustomSkinLoader Core]: 5/14 Try to load profile from 'ElyBy'.
[2026-01-13 08:10:45] [Sr_Riva/DEBUG] [CustomSkinLoader Core]: Try to request 'http://skinsystem.ely.by/textures/Sr_Riva'.
[2026-01-13 08:10:46] [Sr_Riva/DEBUG] [CustomSkinLoader Core]: Successfully request (Response Code: 204 , Content Length: -1)
[2026-01-13 08:10:46] [Sr_Riva/DEBUG] [CustomSkinLoader Core]: Saved to cache (Length: 0 , Path: 'C:\Users\RivaM\AppData\Roaming\.minecraft\modpacks\d41f9390-79f3-310d-a6df-2cb9ace582dd\CustomSkinLoader\caches\97c1704a7801ebd83f1bc4e185337e739598f865' , Expire: 1768313450)
[2026-01-13 08:10:46] [Sr_Riva/DEBUG] [CustomSkinLoader Core]: Content: 
[2026-01-13 08:10:46] [Sr_Riva/INFO] [CustomSkinLoader Core]: Profile not found.
[2026-01-13 08:10:46] [Sr_Riva/INFO] [CustomSkinLoader Core]: 6/14 Try to load profile from 'SkinMe'.
[2026-01-13 08:10:46] [Sr_Riva/DEBUG] [CustomSkinLoader Core]: Try to request 'http://www.skinme.cc/uniskin/Sr_Riva.json'.
[2026-01-13 08:10:46] [Sr_Riva/DEBUG] [CustomSkinLoader Core]: Failed to request http://www.skinme.cc/uniskin/Sr_Riva.json (Exception: java.net.UnknownHostException: www.skinme.cc)
[2026-01-13 08:10:46] [Sr_Riva/INFO] [CustomSkinLoader Core]: Profile not found.
[2026-01-13 08:10:46] [Sr_Riva/INFO] [CustomSkinLoader Core]: 7/14 Try to load profile from 'TLauncher'.
[2026-01-13 08:10:46] [Sr_Riva/DEBUG] [CustomSkinLoader Core]: Try to request 'https://auth.tlauncher.org/skin/profile/texture/login/Sr_Riva'.
[2026-01-13 08:10:46] [Sr_Riva/DEBUG] [CustomSkinLoader Core]: Successfully request (Response Code: 200 , Content Length: -1)
[2026-01-13 08:10:46] [Sr_Riva/DEBUG] [CustomSkinLoader Core]: Saved to cache (Length: 2 , Path: 'C:\Users\RivaM\AppData\Roaming\.minecraft\modpacks\d41f9390-79f3-310d-a6df-2cb9ace582dd\CustomSkinLoader\caches\6d8d46c2d9ce97451fa51793c546ba627fe68d97' , Expire: 1768309940)
[2026-01-13 08:10:46] [Sr_Riva/DEBUG] [CustomSkinLoader Core]: Content: {}
[2026-01-13 08:10:46] [Sr_Riva/INFO] [CustomSkinLoader Core]: Both skin and cape not found.
[2026-01-13 08:10:46] [Sr_Riva/INFO] [CustomSkinLoader Core]: 8/14 Try to load profile from 'GlitchlessGames'.
[2026-01-13 08:10:46] [Sr_Riva/DEBUG] [CustomSkinLoader Core]: Try to request 'https://games.glitchless.ru/api/minecraft/users/profiles/textures/?nickname=Sr_Riva'.
[2026-01-13 08:10:47] [Sr_Riva/DEBUG] [CustomSkinLoader Core]: Failed to request (Response Code: 404)
[2026-01-13 08:10:47] [Sr_Riva/INFO] [CustomSkinLoader Core]: Profile not found.
[2026-01-13 08:10:47] [Sr_Riva/INFO] [CustomSkinLoader Core]: 9/14 Try to load profile from 'LocalSkin'.
[2026-01-13 08:10:47] [Sr_Riva/INFO] [CustomSkinLoader Core]: No texture could be found.
[2026-01-13 08:10:47] [Sr_Riva/INFO] [CustomSkinLoader Core]: 10/14 Try to load profile from 'MinecraftCapes'.
[2026-01-13 08:10:47] [Sr_Riva/DEBUG] [CustomSkinLoader Core]: Try to request 'https://api.mojang.com/profiles/minecraft'.
[2026-01-13 08:10:47] [Sr_Riva/INFO] [CustomSkinLoader Core]: Payload: ["Sr_Riva"]
[2026-01-13 08:10:48] [Sr_Riva/DEBUG] [CustomSkinLoader Core]: Successfully request (Response Code: 200 , Content Length: 3)
[2026-01-13 08:10:48] [Sr_Riva/DEBUG] [CustomSkinLoader Core]: Content: [ ]
[2026-01-13 08:10:48] [Sr_Riva/INFO] [CustomSkinLoader Core]: Profile url not found.
[2026-01-13 08:10:48] [Sr_Riva/INFO] [CustomSkinLoader Core]: 11/14 Try to load profile from 'OptiFine'.
[2026-01-13 08:10:48] [Sr_Riva/DEBUG] [CustomSkinLoader Core]: Try to request 'https://optifine.net/capes/Sr_Riva.png'.
[2026-01-13 08:10:49] [Sr_Riva/DEBUG] [CustomSkinLoader Core]: Failed to request (Response Code: 404)
[2026-01-13 08:10:49] [Sr_Riva/INFO] [CustomSkinLoader Core]: No texture could be found.
[2026-01-13 08:10:49] [Sr_Riva/INFO] [CustomSkinLoader Core]: 12/14 Try to load profile from 'Wynntils'.
[2026-01-13 08:10:49] [Sr_Riva/DEBUG] [CustomSkinLoader Core]: Try to request 'https://api.mojang.com/profiles/minecraft'.
[2026-01-13 08:10:49] [Sr_Riva/INFO] [CustomSkinLoader Core]: Payload: ["Sr_Riva"]
[2026-01-13 08:10:49] [Sr_Riva/DEBUG] [CustomSkinLoader Core]: Successfully request (Response Code: 200 , Content Length: 3)
[2026-01-13 08:10:49] [Sr_Riva/DEBUG] [CustomSkinLoader Core]: Content: [ ]
[2026-01-13 08:10:49] [Sr_Riva/INFO] [CustomSkinLoader Core]: Profile not found.
[2026-01-13 08:10:49] [Sr_Riva/INFO] [CustomSkinLoader Core]: 13/14 Try to load profile from 'CloakPlus'.
[2026-01-13 08:10:49] [Sr_Riva/DEBUG] [CustomSkinLoader Core]: Try to request 'http://161.35.130.99/capes/Sr_Riva.png'.
[2026-01-13 08:10:50] [Sr_Riva/DEBUG] [CustomSkinLoader Core]: Failed to request (Response Code: 404)
[2026-01-13 08:10:50] [Sr_Riva/INFO] [CustomSkinLoader Core]: No texture could be found.
[2026-01-13 08:10:50] [Sr_Riva/INFO] [CustomSkinLoader Core]: 14/14 Try to load profile from 'Cosmetica'.
[2026-01-13 08:10:50] [Sr_Riva/DEBUG] [CustomSkinLoader Core]: Try to request 'https://api.mojang.com/profiles/minecraft'.
[2026-01-13 08:10:50] [Sr_Riva/INFO] [CustomSkinLoader Core]: Payload: ["Sr_Riva"]
[2026-01-13 08:10:50] [Sr_Riva/DEBUG] [CustomSkinLoader Core]: Successfully request (Response Code: 200 , Content Length: 3)
[2026-01-13 08:10:50] [Sr_Riva/DEBUG] [CustomSkinLoader Core]: Content: [ ]
[2026-01-13 08:10:50] [Sr_Riva/INFO] [CustomSkinLoader Core]: No texture could be found.
[2026-01-13 08:10:50] [Sr_Riva/INFO] [CustomSkinLoader Core]: Sr_Riva's profile not found in load list.
