2026-01-14 22:21:00 [ERROR] config/CSC/config.toml (No such file or directory)
2026-01-14 22:21:00 [INFO] CSC is loading...   Success！
2026-01-14 22:27:56 [INFO]    _____  _____  _____ 
2026-01-14 22:27:56 [INFO]   / ____|/ ____|/ ____|
2026-01-14 22:27:56 [INFO]  | |    | (___ | |        [CSC] Version: v0.21
2026-01-14 22:27:56 [INFO]  | |     \___ \| |        Minecraft Version: 1.20.1 forge
2026-01-14 22:27:56 [INFO]  | |____ ____) | |____    Problem/Feedback: Tencent QQ：1061133894
2026-01-14 22:27:56 [INFO]   \_____|_____/ \_____|
2026-01-14 22:27:56 [INFO]                        
2026-01-14 22:30:37 [INFO] CSC is loading...   Success！
2026-01-14 22:32:36 [INFO]    _____  _____  _____ 
2026-01-14 22:32:36 [INFO]   / ____|/ ____|/ ____|
2026-01-14 22:32:36 [INFO]  | |    | (___ | |        [CSC] Version: v0.21
2026-01-14 22:32:36 [INFO]  | |     \___ \| |        Minecraft Version: 1.20.1 forge
2026-01-14 22:32:36 [INFO]  | |____ ____) | |____    Problem/Feedback: Tencent QQ：1061133894
2026-01-14 22:32:36 [INFO]   \_____|_____/ \_____|
2026-01-14 22:32:36 [INFO]                        
2026-01-14 23:19:52 [INFO] CSC is loading...   Success！
2026-01-14 23:20:40 [INFO]    _____  _____  _____ 
2026-01-14 23:20:40 [INFO]   / ____|/ ____|/ ____|
2026-01-14 23:20:40 [INFO]  | |    | (___ | |        [CSC] Version: v0.21
2026-01-14 23:20:40 [INFO]  | |     \___ \| |        Minecraft Version: 1.20.1 forge
2026-01-14 23:20:40 [INFO]  | |____ ____) | |____    Problem/Feedback: Tencent QQ：1061133894
2026-01-14 23:20:40 [INFO]   \_____|_____/ \_____|
2026-01-14 23:20:40 [INFO]                        
2026-01-14 23:28:28 [INFO] CSC is loading...   Success！
2026-01-14 23:29:14 [INFO]    _____  _____  _____ 
2026-01-14 23:29:14 [INFO]   / ____|/ ____|/ ____|
2026-01-14 23:29:14 [INFO]  | |    | (___ | |        [CSC] Version: v0.21
2026-01-14 23:29:14 [INFO]  | |     \___ \| |        Minecraft Version: 1.20.1 forge
2026-01-14 23:29:14 [INFO]  | |____ ____) | |____    Problem/Feedback: Tencent QQ：1061133894
2026-01-14 23:29:14 [INFO]   \_____|_____/ \_____|
2026-01-14 23:29:14 [INFO]                        
2026-01-14 23:34:42 [INFO] CSC is loading...   Success！
2026-01-14 23:35:27 [INFO]    _____  _____  _____ 
2026-01-14 23:35:27 [INFO]   / ____|/ ____|/ ____|
2026-01-14 23:35:27 [INFO]  | |    | (___ | |        [CSC] Version: v0.21
2026-01-14 23:35:27 [INFO]  | |     \___ \| |        Minecraft Version: 1.20.1 forge
2026-01-14 23:35:27 [INFO]  | |____ ____) | |____    Problem/Feedback: Tencent QQ：1061133894
2026-01-14 23:35:27 [INFO]   \_____|_____/ \_____|
2026-01-14 23:35:27 [INFO]                        
2026-01-14 23:39:39 [INFO] CSC is loading...   Success！
2026-01-14 23:40:24 [INFO]    _____  _____  _____ 
2026-01-14 23:40:24 [INFO]   / ____|/ ____|/ ____|
2026-01-14 23:40:24 [INFO]  | |    | (___ | |        [CSC] Version: v0.21
2026-01-14 23:40:24 [INFO]  | |     \___ \| |        Minecraft Version: 1.20.1 forge
2026-01-14 23:40:24 [INFO]  | |____ ____) | |____    Problem/Feedback: Tencent QQ：1061133894
2026-01-14 23:40:24 [INFO]   \_____|_____/ \_____|
2026-01-14 23:40:24 [INFO]                        
2026-01-14 23:41:07 [INFO] CSC close completely, thanks for using!
2026-01-14 23:48:48 [INFO] CSC is loading...   Success！
2026-01-14 23:49:33 [INFO]    _____  _____  _____ 
2026-01-14 23:49:33 [INFO]   / ____|/ ____|/ ____|
2026-01-14 23:49:33 [INFO]  | |    | (___ | |        [CSC] Version: v0.21
2026-01-14 23:49:33 [INFO]  | |     \___ \| |        Minecraft Version: 1.20.1 forge
2026-01-14 23:49:33 [INFO]  | |____ ____) | |____    Problem/Feedback: Tencent QQ：1061133894
2026-01-14 23:49:33 [INFO]   \_____|_____/ \_____|
2026-01-14 23:49:33 [INFO]                        
2026-01-15 00:06:02 [INFO] CSC is loading...   Success！
2026-01-15 00:06:50 [INFO]    _____  _____  _____ 
2026-01-15 00:06:50 [INFO]   / ____|/ ____|/ ____|
2026-01-15 00:06:50 [INFO]  | |    | (___ | |        [CSC] Version: v0.21
2026-01-15 00:06:50 [INFO]  | |     \___ \| |        Minecraft Version: 1.20.1 forge
2026-01-15 00:06:50 [INFO]  | |____ ____) | |____    Problem/Feedback: Tencent QQ：1061133894
2026-01-15 00:06:50 [INFO]   \_____|_____/ \_____|
2026-01-15 00:06:50 [INFO]                        
2026-01-15 00:13:37 [INFO] CSC is loading...   Success！
2026-01-15 00:15:00 [INFO] CSC is loading...   Success！
2026-01-15 00:17:38 [INFO] CSC is loading...   Success！
2026-01-15 00:18:23 [INFO]    _____  _____  _____ 
2026-01-15 00:18:23 [INFO]   / ____|/ ____|/ ____|
2026-01-15 00:18:23 [INFO]  | |    | (___ | |        [CSC] Version: v0.21
2026-01-15 00:18:23 [INFO]  | |     \___ \| |        Minecraft Version: 1.20.1 forge
2026-01-15 00:18:23 [INFO]  | |____ ____) | |____    Problem/Feedback: Tencent QQ：1061133894
2026-01-15 00:18:23 [INFO]   \_____|_____/ \_____|
2026-01-15 00:18:23 [INFO]                        
2026-01-15 00:24:08 [INFO] CSC is loading...   Success！
2026-01-15 00:25:02 [INFO]    _____  _____  _____ 
2026-01-15 00:25:02 [INFO]   / ____|/ ____|/ ____|
2026-01-15 00:25:02 [INFO]  | |    | (___ | |        [CSC] Version: v0.21
2026-01-15 00:25:02 [INFO]  | |     \___ \| |        Minecraft Version: 1.20.1 forge
2026-01-15 00:25:02 [INFO]  | |____ ____) | |____    Problem/Feedback: Tencent QQ：1061133894
2026-01-15 00:25:02 [INFO]   \_____|_____/ \_____|
2026-01-15 00:25:02 [INFO]                        
2026-01-15 00:40:23 [INFO] CSC is loading...   Success！
2026-01-15 00:41:11 [INFO]    _____  _____  _____ 
2026-01-15 00:41:11 [INFO]   / ____|/ ____|/ ____|
2026-01-15 00:41:11 [INFO]  | |    | (___ | |        [CSC] Version: v0.21
2026-01-15 00:41:11 [INFO]  | |     \___ \| |        Minecraft Version: 1.20.1 forge
2026-01-15 00:41:11 [INFO]  | |____ ____) | |____    Problem/Feedback: Tencent QQ：1061133894
2026-01-15 00:41:11 [INFO]   \_____|_____/ \_____|
2026-01-15 00:41:11 [INFO]                        
2026-01-15 02:05:45 [INFO] CSC close completely, thanks for using!
2026-01-15 02:06:49 [INFO] CSC is loading...   Success！
2026-01-15 02:07:32 [INFO]    _____  _____  _____ 
2026-01-15 02:07:32 [INFO]   / ____|/ ____|/ ____|
2026-01-15 02:07:32 [INFO]  | |    | (___ | |        [CSC] Version: v0.21
2026-01-15 02:07:32 [INFO]  | |     \___ \| |        Minecraft Version: 1.20.1 forge
2026-01-15 02:07:32 [INFO]  | |____ ____) | |____    Problem/Feedback: Tencent QQ：1061133894
2026-01-15 02:07:32 [INFO]   \_____|_____/ \_____|
2026-01-15 02:07:32 [INFO]                        
2026-01-15 02:08:44 [INFO] CSC close completely, thanks for using!
2026-01-15 02:10:44 [INFO] CSC is loading...   Success！
2026-01-15 02:11:28 [INFO]    _____  _____  _____ 
2026-01-15 02:11:28 [INFO]   / ____|/ ____|/ ____|
2026-01-15 02:11:28 [INFO]  | |    | (___ | |        [CSC] Version: v0.21
2026-01-15 02:11:28 [INFO]  | |     \___ \| |        Minecraft Version: 1.20.1 forge
2026-01-15 02:11:28 [INFO]  | |____ ____) | |____    Problem/Feedback: Tencent QQ：1061133894
2026-01-15 02:11:28 [INFO]   \_____|_____/ \_____|
2026-01-15 02:11:28 [INFO]                        
2026-01-15 02:11:39 [INFO] CSC close completely, thanks for using!
2026-01-15 02:13:33 [INFO] CSC is loading...   Success！
2026-01-15 02:14:52 [INFO] CSC is loading...   Success！
2026-01-15 02:15:36 [INFO]    _____  _____  _____ 
2026-01-15 02:15:36 [INFO]   / ____|/ ____|/ ____|
2026-01-15 02:15:36 [INFO]  | |    | (___ | |        [CSC] Version: v0.21
2026-01-15 02:15:36 [INFO]  | |     \___ \| |        Minecraft Version: 1.20.1 forge
2026-01-15 02:15:36 [INFO]  | |____ ____) | |____    Problem/Feedback: Tencent QQ：1061133894
2026-01-15 02:15:36 [INFO]   \_____|_____/ \_____|
2026-01-15 02:15:36 [INFO]                        
2026-01-16 00:52:45 [INFO] CSC is loading...   Success！
2026-01-16 00:53:35 [INFO]    _____  _____  _____ 
2026-01-16 00:53:35 [INFO]   / ____|/ ____|/ ____|
2026-01-16 00:53:35 [INFO]  | |    | (___ | |        [CSC] Version: v0.21
2026-01-16 00:53:35 [INFO]  | |     \___ \| |        Minecraft Version: 1.20.1 forge
2026-01-16 00:53:35 [INFO]  | |____ ____) | |____    Problem/Feedback: Tencent QQ：1061133894
2026-01-16 00:53:35 [INFO]   \_____|_____/ \_____|
2026-01-16 00:53:35 [INFO]                        
2026-01-16 04:00:45 [INFO] CSC is loading...   Success！
2026-01-16 04:01:33 [INFO]    _____  _____  _____ 
2026-01-16 04:01:33 [INFO]   / ____|/ ____|/ ____|
2026-01-16 04:01:33 [INFO]  | |    | (___ | |        [CSC] Version: v0.21
2026-01-16 04:01:33 [INFO]  | |     \___ \| |        Minecraft Version: 1.20.1 forge
2026-01-16 04:01:33 [INFO]  | |____ ____) | |____    Problem/Feedback: Tencent QQ：1061133894
2026-01-16 04:01:33 [INFO]   \_____|_____/ \_____|
2026-01-16 04:01:33 [INFO]                        
2026-01-16 04:01:48 [INFO] CSC close completely, thanks for using!
2026-01-17 00:50:01 [INFO] CSC is loading...   Success！
2026-01-17 00:50:48 [INFO]    _____  _____  _____ 
2026-01-17 00:50:48 [INFO]   / ____|/ ____|/ ____|
2026-01-17 00:50:48 [INFO]  | |    | (___ | |        [CSC] Version: v0.21
2026-01-17 00:50:48 [INFO]  | |     \___ \| |        Minecraft Version: 1.20.1 forge
2026-01-17 00:50:48 [INFO]  | |____ ____) | |____    Problem/Feedback: Tencent QQ：1061133894
2026-01-17 00:50:48 [INFO]   \_____|_____/ \_____|
2026-01-17 00:50:48 [INFO]                        
2026-01-17 03:45:12 [INFO] CSC close completely, thanks for using!
2026-01-19 00:27:30 [INFO] CSC is loading...   Success！
2026-01-19 00:29:06 [INFO] CSC is loading...   Success！
2026-01-19 00:29:52 [INFO]    _____  _____  _____ 
2026-01-19 00:29:52 [INFO]   / ____|/ ____|/ ____|
2026-01-19 00:29:52 [INFO]  | |    | (___ | |        [CSC] Version: v0.21
2026-01-19 00:29:52 [INFO]  | |     \___ \| |        Minecraft Version: 1.20.1 forge
2026-01-19 00:29:52 [INFO]  | |____ ____) | |____    Problem/Feedback: Tencent QQ：1061133894
2026-01-19 00:29:52 [INFO]   \_____|_____/ \_____|
2026-01-19 00:29:52 [INFO]                        
2026-01-19 00:30:21 [INFO] CSC close completely, thanks for using!
2026-01-19 00:42:42 [INFO] CSC is loading...   Success！
2026-01-19 00:43:35 [INFO]    _____  _____  _____ 
2026-01-19 00:43:35 [INFO]   / ____|/ ____|/ ____|
2026-01-19 00:43:35 [INFO]  | |    | (___ | |        [CSC] Version: v0.21
2026-01-19 00:43:35 [INFO]  | |     \___ \| |        Minecraft Version: 1.20.1 forge
2026-01-19 00:43:35 [INFO]  | |____ ____) | |____    Problem/Feedback: Tencent QQ：1061133894
2026-01-19 00:43:35 [INFO]   \_____|_____/ \_____|
2026-01-19 00:43:35 [INFO]                        
2026-01-19 00:46:38 [INFO] CSC is loading...   Success！
2026-01-19 00:47:24 [INFO]    _____  _____  _____ 
2026-01-19 00:47:24 [INFO]   / ____|/ ____|/ ____|
2026-01-19 00:47:24 [INFO]  | |    | (___ | |        [CSC] Version: v0.21
2026-01-19 00:47:24 [INFO]  | |     \___ \| |        Minecraft Version: 1.20.1 forge
2026-01-19 00:47:24 [INFO]  | |____ ____) | |____    Problem/Feedback: Tencent QQ：1061133894
2026-01-19 00:47:24 [INFO]   \_____|_____/ \_____|
2026-01-19 00:47:24 [INFO]                        
2026-01-19 01:59:44 [INFO] CSC is loading...   Success！
2026-01-19 02:00:30 [INFO]    _____  _____  _____ 
2026-01-19 02:00:30 [INFO]   / ____|/ ____|/ ____|
2026-01-19 02:00:30 [INFO]  | |    | (___ | |        [CSC] Version: v0.21
2026-01-19 02:00:30 [INFO]  | |     \___ \| |        Minecraft Version: 1.20.1 forge
2026-01-19 02:00:30 [INFO]  | |____ ____) | |____    Problem/Feedback: Tencent QQ：1061133894
2026-01-19 02:00:30 [INFO]   \_____|_____/ \_____|
2026-01-19 02:00:30 [INFO]                        
2026-01-19 02:08:33 [INFO] CSC is loading...   Success！
2026-01-19 02:09:16 [INFO]    _____  _____  _____ 
2026-01-19 02:09:16 [INFO]   / ____|/ ____|/ ____|
2026-01-19 02:09:16 [INFO]  | |    | (___ | |        [CSC] Version: v0.21
2026-01-19 02:09:16 [INFO]  | |     \___ \| |        Minecraft Version: 1.20.1 forge
2026-01-19 02:09:16 [INFO]  | |____ ____) | |____    Problem/Feedback: Tencent QQ：1061133894
2026-01-19 02:09:16 [INFO]   \_____|_____/ \_____|
2026-01-19 02:09:16 [INFO]                        
2026-01-19 03:28:28 [INFO] CSC close completely, thanks for using!
2026-01-27 01:36:34 [INFO] CSC is loading...   Success！
2026-01-27 01:36:35 [INFO]   Detected cloud rule update, preparing to download~
2026-01-27 01:36:35 [INFO]   Update completed~
2026-01-27 01:37:22 [INFO]    _____  _____  _____ 
2026-01-27 01:37:22 [INFO]   / ____|/ ____|/ ____|
2026-01-27 01:37:22 [INFO]  | |    | (___ | |        [CSC] Version: v0.21
2026-01-27 01:37:22 [INFO]  | |     \___ \| |        Minecraft Version: 1.20.1 forge
2026-01-27 01:37:22 [INFO]  | |____ ____) | |____    Problem/Feedback: Tencent QQ：1061133894
2026-01-27 01:37:22 [INFO]   \_____|_____/ \_____|
2026-01-27 01:37:22 [INFO]                        
